<?xml version="1.0" encoding="UTF-8" ?>
<testsuite failures="0" time="0.014" errors="0" skipped="0" tests="1" name="com.pipework.AppTest">
  <properties>
    <property name="java.runtime.name" value="Java(TM) SE Runtime Environment"/>
    <property name="sun.boot.library.path" value="D:\Program Files\Java\jdk1.6.0_30\jre\bin"/>
    <property name="java.vm.version" value="20.5-b03"/>
    <property name="java.vm.vendor" value="Sun Microsystems Inc."/>
    <property name="java.vendor.url" value="http://java.sun.com/"/>
    <property name="path.separator" value=";"/>
    <property name="guice.disable.misplaced.annotation.check" value="true"/>
    <property name="java.vm.name" value="Java HotSpot(TM) Client VM"/>
    <property name="file.encoding.pkg" value="sun.io"/>
    <property name="idea.launcher.port" value="7540"/>
    <property name="user.country" value="CN"/>
    <property name="sun.java.launcher" value="SUN_STANDARD"/>
    <property name="sun.os.patch.level" value=""/>
    <property name="java.vm.specification.name" value="Java Virtual Machine Specification"/>
    <property name="user.dir" value="D:\mywork\iweipu-demo\iweipu-api"/>
    <property name="java.runtime.version" value="1.6.0_30-b12"/>
    <property name="java.awt.graphicsenv" value="sun.awt.Win32GraphicsEnvironment"/>
    <property name="java.endorsed.dirs" value="D:\Program Files\Java\jdk1.6.0_30\jre\lib\endorsed"/>
    <property name="os.arch" value="x86"/>
    <property name="java.io.tmpdir" value="C:\Users\ADMINI~1\AppData\Local\Temp\"/>
    <property name="line.separator" value="
"/>
    <property name="java.vm.specification.vendor" value="Sun Microsystems Inc."/>
    <property name="user.variant" value=""/>
    <property name="os.name" value="Windows 7"/>
    <property name="classworlds.conf" value="E:\ApacheProject\apache-maven-3.0.5\bin\m2.conf"/>
    <property name="sun.jnu.encoding" value="GBK"/>
    <property name="java.library.path" value="D:\Program Files\Java\jdk1.6.0_30\bin;C:\Windows\Sun\Java\bin;C:\Windows\system32;C:\Windows;D:\Program Files\JetBrains\IntelliJ IDEA 12.1.4\bin\..\.\bin;E:\Share\Tools\ImageMagick-6.8.8-Q16;D:\Program Files\ImageMagick-6.8.8-Q16;C:\Program Files\Common Files\NetSarang;C:\Program Files\AMD APP\bin\x86;C:\Windows\system32;C:\Windows;C:\Windows\System32\Wbem;C:\Windows\System32\WindowsPowerShell\v1.0\;E:\Win7系统封装资料\[3]优化及设置\Windows7优化大师 V1.66 绿色版;C:\Program Files\;TI Technologies\ATI.ACE\Core-Static;D:\Program Files\MySQL\MySQL Server 5.5\bin;D:\Program Files\Java\jdk1.7.0_21\bin;E:\ApacheProject\apache-maven-3.0.5\bin;D:\Program Files\Git\bin;D:\Python27;D:\Program Files\erl5.10.2\bin;C:\Program Files\Microsoft SQL Server\100\Tools\Binn\;C:\Program Files\Microsoft SQL Server\100\DTS\Binn\;D:\MQ\zeromq-jzmq\lib;D:\MQ\zeromq-2.2.0\lib;D:\TestTools\curl-7.31.0-soruce;C:\Program Files\GtkSharp\2.12\bin;D:\Program Files\TortoiseSVN\bin;D:\Program Files\SWFTools;D:\Program Files\gs\gs9.10\bin;;d:\program files\jetbrains\intellij idea 12.1.4\jre\jre\bin;."/>
    <property name="java.specification.name" value="Java Platform API Specification"/>
    <property name="java.class.version" value="50.0"/>
    <property name="sun.management.compiler" value="HotSpot Client Compiler"/>
    <property name="os.version" value="6.1"/>
    <property name="user.home" value="C:\Users\Administrator"/>
    <property name="user.timezone" value="Asia/Shanghai"/>
    <property name="java.awt.printerjob" value="sun.awt.windows.WPrinterJob"/>
    <property name="java.specification.version" value="1.6"/>
    <property name="file.encoding" value="UTF-8"/>
    <property name="idea.launcher.bin.path" value="D:\Program Files\JetBrains\IntelliJ IDEA 12.1.4\bin"/>
    <property name="user.name" value="Administrator"/>
    <property name="java.class.path" value="E:\ApacheProject\apache-maven-3.0.5\boot\plexus-classworlds-2.4.jar;D:\Program Files\JetBrains\IntelliJ IDEA 12.1.4\lib\idea_rt.jar"/>
    <property name="java.vm.specification.version" value="1.0"/>
    <property name="sun.arch.data.model" value="32"/>
    <property name="java.home" value="D:\Program Files\Java\jdk1.6.0_30\jre"/>
    <property name="sun.java.command" value="com.intellij.rt.execution.application.AppMain org.codehaus.classworlds.Launcher --fail-fast --strict-checksums deploy"/>
    <property name="java.specification.vendor" value="Sun Microsystems Inc."/>
    <property name="user.language" value="zh"/>
    <property name="awt.toolkit" value="sun.awt.windows.WToolkit"/>
    <property name="java.vm.info" value="mixed mode, sharing"/>
    <property name="java.version" value="1.6.0_30"/>
    <property name="java.ext.dirs" value="D:\Program Files\Java\jdk1.6.0_30\jre\lib\ext;C:\Windows\Sun\Java\lib\ext"/>
    <property name="sun.boot.class.path" value="D:\Program Files\Java\jdk1.6.0_30\jre\lib\resources.jar;D:\Program Files\Java\jdk1.6.0_30\jre\lib\rt.jar;D:\Program Files\Java\jdk1.6.0_30\jre\lib\sunrsasign.jar;D:\Program Files\Java\jdk1.6.0_30\jre\lib\jsse.jar;D:\Program Files\Java\jdk1.6.0_30\jre\lib\jce.jar;D:\Program Files\Java\jdk1.6.0_30\jre\lib\charsets.jar;D:\Program Files\Java\jdk1.6.0_30\jre\lib\modules\jdk.boot.jar;D:\Program Files\Java\jdk1.6.0_30\jre\classes"/>
    <property name="java.vendor" value="Sun Microsystems Inc."/>
    <property name="maven.home" value="E:\ApacheProject\apache-maven-3.0.5"/>
    <property name="file.separator" value="\"/>
    <property name="java.vendor.url.bug" value="http://java.sun.com/cgi-bin/bugreport.cgi"/>
    <property name="sun.cpu.endian" value="little"/>
    <property name="sun.io.unicode.encoding" value="UnicodeLittle"/>
    <property name="sun.desktop" value="windows"/>
    <property name="sun.cpu.isalist" value=""/>
  </properties>
  <testcase time="0" classname="com.pipework.AppTest" name="testApp"/>
</testsuite>